Arguments: 
  /Users/robsecord/.nvm/versions/node/v12.16.3/bin/node /usr/local/Cellar/yarn/1.22.10/libexec/bin/yarn.js

PATH: 
  /Applications/Visual Studio Code.app/Contents/Resources/app/bin:/Users/robsecord/.nvm/versions/node/v12.16.3/bin:/usr/local/bin:/usr/bin:/bin:/usr/sbin:/sbin:./node_modules/.bin

Yarn version: 
  1.22.10

Node version: 
  12.16.3

Platform: 
  darwin x64

Trace: 
  SyntaxError: /Users/robsecord/workspace/Ethereum/ChargedParticles/charged-particles-subgraph/package.json: Unexpected token } in JSON at position 3259
      at JSON.parse (<anonymous>)
      at /usr/local/Cellar/yarn/1.22.10/libexec/lib/cli.js:1625:59
      at Generator.next (<anonymous>)
      at step (/usr/local/Cellar/yarn/1.22.10/libexec/lib/cli.js:310:30)
      at /usr/local/Cellar/yarn/1.22.10/libexec/lib/cli.js:321:13

npm manifest: 
  {
    "name": "@charged-particles/protocol-subgraph",
    "version": "1.3.5",
    "description": "Subgraph for the Charged Particles Protocol",
    "author": "Rob Secord <robsecord.eth>",
    "license": "MIT",
    "repository": {
      "type": "git",
      "url": "https://github.com/Charged-Particles/charged-particles-subgraph"
    },
    "keywords": [
      "charged",
      "particles",
      "defi",
      "nft",
      "subgraph",
      "ethereum"
    ],
    "engines": {
      "node": ">=12.16.1",
      "npm": ">=6.14.4"
    },
    "scripts": {
      "reinstall": "rm -rf node_modules/ && yarn",
      "clean": "rm -rf build/ generated/",
      "prepare:mainnet": "mustache networks/mainnet.json subgraph.template.yaml subgraph.mainnet.yaml",
      "prepare:rinkeby": "mustache networks/rinkeby.json subgraph.template.yaml subgraph.rinkeby.yaml",
      "prepare:ropsten": "mustache networks/ropsten.json subgraph.template.yaml subgraph.ropsten.yaml",
      "prepare:kovan": "mustache networks/kovan.json subgraph.template.yaml subgraph.kovan.yaml",
      "prepare:mumbai": "mustache networks/mumbai.json subgraph.template.yaml subgraph.mumbai.yaml",
      "prepare:polygon": "mustache networks/polygon.json subgraph.template.yaml subgraph.polygon.yaml",
      "gen:mainnet": "graph codegen subgraph.mainnet.yaml",
      "gen:rinkeby": "graph codegen subgraph.rinkeby.yaml",
      "gen:ropsten": "graph codegen subgraph.ropsten.yaml",
      "gen:kovan": "graph codegen subgraph.kovan.yaml",
      "gen:mumbai": "graph codegen subgraph.mumbai.yaml",
      "gen:polygon": "graph codegen subgraph.polygon.yaml",
      "deploy:local": "graph deploy --node http://127.0.0.1:8020 --ipfs http://localhost:5001 charged-particles/universe subgraph.local.yaml",
      "deploy:mainnet": "graph deploy --node https://api.thegraph.com/deploy/ --ipfs https://api.thegraph.com/ipfs/ charged-particles/ethereum-universe subgraph.mainnet.yaml",
      "deploy:kovan": "graph deploy --node https://api.thegraph.com/deploy/ --ipfs https://api.thegraph.com/ipfs/ charged-particles/kovan-universe subgraph.kovan.yaml",
      "deploy:kovan-dev": "graph deploy --node https://api.thegraph.com/deploy/ --ipfs https://api.thegraph.com/ipfs/ charged-particles/dev-universe subgraph.kovan.yaml",
      "deploy:kovan-secord": "graph deploy --node https://api.thegraph.com/deploy/ --ipfs https://api.thegraph.com/ipfs/ robsecord/kovan-universe subgraph.kovan.yaml",
      "deploy:kovan-acolytec3": "graph deploy --node https://api.thegraph.com/deploy/ --ipfs https://api.thegraph.com/ipfs/ charged-particles/kovan-acolytec3 subgraph.mainnet.yaml",
      "deploy:mumbai": "graph deploy --node https://api.thegraph.com/deploy/ --ipfs https://api.thegraph.com/ipfs/ --network Mumbai charged-particles/mumbai-universe subgraph.mumbai.yaml",
      "deploy:polygon": "graph deploy --node https://api.thegraph.com/deploy/ --ipfs https://api.thegraph.com/ipfs/ --network Matic charged-particles/polygon-universe subgraph.polygon.yaml",
      "pub:beta": "yarn publish --tag beta --access public",
      "pub:latest": "yarn publish --tag latest --access public",
      "vbump": "version update -p",
      "codegen": "graph codegen",
      "build": "graph build",
      "auth": "graph auth https://api.thegraph.com/deploy/"
    },
    "dependencies": {
      "@graphprotocol/graph-ts": "^0.24.1",
    },
    "devDependencies": {
      "@graphprotocol/graph-cli": "^0.25.1",
      "mustache": "4.0.1"
    }
  }

yarn manifest: 
  No manifest

Lockfile: 
  No lockfile
